29-Oct-2016 23:27:56.610 INFO [main] org.apache.catalina.startup.VersionLoggerListener.log Server version:        Apache Tomcat/8.0.38
29-Oct-2016 23:27:56.617 INFO [main] org.apache.catalina.startup.VersionLoggerListener.log Server built:          Oct 6 2016 20:51:55 UTC
29-Oct-2016 23:27:56.617 INFO [main] org.apache.catalina.startup.VersionLoggerListener.log Server number:         8.0.38.0
29-Oct-2016 23:27:56.617 INFO [main] org.apache.catalina.startup.VersionLoggerListener.log OS Name:               Mac OS X
29-Oct-2016 23:27:56.617 INFO [main] org.apache.catalina.startup.VersionLoggerListener.log OS Version:            10.12
29-Oct-2016 23:27:56.617 INFO [main] org.apache.catalina.startup.VersionLoggerListener.log Architecture:          x86_64
29-Oct-2016 23:27:56.618 INFO [main] org.apache.catalina.startup.VersionLoggerListener.log Java Home:             /Library/Java/JavaVirtualMachines/jdk1.8.0_101.jdk/Contents/Home/jre
29-Oct-2016 23:27:56.618 INFO [main] org.apache.catalina.startup.VersionLoggerListener.log JVM Version:           1.8.0_101-b13
29-Oct-2016 23:27:56.618 INFO [main] org.apache.catalina.startup.VersionLoggerListener.log JVM Vendor:            Oracle Corporation
29-Oct-2016 23:27:56.618 INFO [main] org.apache.catalina.startup.VersionLoggerListener.log CATALINA_BASE:         /Users/C/SourceTree/JavaServlet/apache-tomcat-8.0.38
29-Oct-2016 23:27:56.618 INFO [main] org.apache.catalina.startup.VersionLoggerListener.log CATALINA_HOME:         /Users/C/SourceTree/JavaServlet/apache-tomcat-8.0.38
29-Oct-2016 23:27:56.619 INFO [main] org.apache.catalina.startup.VersionLoggerListener.log Command line argument: -Djava.util.logging.config.file=/Users/C/SourceTree/JavaServlet/apache-tomcat-8.0.38/conf/logging.properties
29-Oct-2016 23:27:56.619 INFO [main] org.apache.catalina.startup.VersionLoggerListener.log Command line argument: -Djava.util.logging.manager=org.apache.juli.ClassLoaderLogManager
29-Oct-2016 23:27:56.619 INFO [main] org.apache.catalina.startup.VersionLoggerListener.log Command line argument: -Djdk.tls.ephemeralDHKeySize=2048
29-Oct-2016 23:27:56.619 INFO [main] org.apache.catalina.startup.VersionLoggerListener.log Command line argument: -Djava.protocol.handler.pkgs=org.apache.catalina.webresources
29-Oct-2016 23:27:56.619 INFO [main] org.apache.catalina.startup.VersionLoggerListener.log Command line argument: -Djava.endorsed.dirs=/Users/C/SourceTree/JavaServlet/apache-tomcat-8.0.38/endorsed
29-Oct-2016 23:27:56.619 INFO [main] org.apache.catalina.startup.VersionLoggerListener.log Command line argument: -Dcatalina.base=/Users/C/SourceTree/JavaServlet/apache-tomcat-8.0.38
29-Oct-2016 23:27:56.619 INFO [main] org.apache.catalina.startup.VersionLoggerListener.log Command line argument: -Dcatalina.home=/Users/C/SourceTree/JavaServlet/apache-tomcat-8.0.38
29-Oct-2016 23:27:56.619 INFO [main] org.apache.catalina.startup.VersionLoggerListener.log Command line argument: -Djava.io.tmpdir=/Users/C/SourceTree/JavaServlet/apache-tomcat-8.0.38/temp
29-Oct-2016 23:27:56.619 INFO [main] org.apache.catalina.core.AprLifecycleListener.lifecycleEvent The APR based Apache Tomcat Native library which allows optimal performance in production environments was not found on the java.library.path: /Users/C/Library/Java/Extensions:/Library/Java/Extensions:/Network/Library/Java/Extensions:/System/Library/Java/Extensions:/usr/lib/java:.
29-Oct-2016 23:27:56.855 INFO [main] org.apache.coyote.AbstractProtocol.init Initializing ProtocolHandler ["http-nio-8080"]
29-Oct-2016 23:27:56.903 INFO [main] org.apache.tomcat.util.net.NioSelectorPool.getSharedSelector Using a shared selector for servlet write/read
29-Oct-2016 23:27:56.906 INFO [main] org.apache.coyote.AbstractProtocol.init Initializing ProtocolHandler ["ajp-nio-8009"]
29-Oct-2016 23:27:56.908 INFO [main] org.apache.tomcat.util.net.NioSelectorPool.getSharedSelector Using a shared selector for servlet write/read
29-Oct-2016 23:27:56.908 INFO [main] org.apache.catalina.startup.Catalina.load Initialization processed in 848 ms
29-Oct-2016 23:27:56.936 INFO [main] org.apache.catalina.core.StandardService.startInternal Starting service Catalina
29-Oct-2016 23:27:56.937 INFO [main] org.apache.catalina.core.StandardEngine.startInternal Starting Servlet Engine: Apache Tomcat/8.0.38
29-Oct-2016 23:27:56.948 INFO [localhost-startStop-1] org.apache.catalina.startup.HostConfig.deployDirectory Deploying web application directory /Users/C/SourceTree/JavaServlet/apache-tomcat-8.0.38/webapps/docs
29-Oct-2016 23:27:57.359 INFO [localhost-startStop-1] org.apache.catalina.startup.HostConfig.deployDirectory Deployment of web application directory /Users/C/SourceTree/JavaServlet/apache-tomcat-8.0.38/webapps/docs has finished in 411 ms
29-Oct-2016 23:27:57.359 INFO [localhost-startStop-1] org.apache.catalina.startup.HostConfig.deployDirectory Deploying web application directory /Users/C/SourceTree/JavaServlet/apache-tomcat-8.0.38/webapps/examples
29-Oct-2016 23:27:57.648 INFO [localhost-startStop-1] org.apache.catalina.startup.HostConfig.deployDirectory Deployment of web application directory /Users/C/SourceTree/JavaServlet/apache-tomcat-8.0.38/webapps/examples has finished in 289 ms
29-Oct-2016 23:27:57.649 INFO [localhost-startStop-1] org.apache.catalina.startup.HostConfig.deployDirectory Deploying web application directory /Users/C/SourceTree/JavaServlet/apache-tomcat-8.0.38/webapps/host-manager
29-Oct-2016 23:27:57.671 INFO [localhost-startStop-1] org.apache.catalina.startup.HostConfig.deployDirectory Deployment of web application directory /Users/C/SourceTree/JavaServlet/apache-tomcat-8.0.38/webapps/host-manager has finished in 23 ms
29-Oct-2016 23:27:57.671 INFO [localhost-startStop-1] org.apache.catalina.startup.HostConfig.deployDirectory Deploying web application directory /Users/C/SourceTree/JavaServlet/apache-tomcat-8.0.38/webapps/manager
29-Oct-2016 23:27:57.691 INFO [localhost-startStop-1] org.apache.catalina.startup.HostConfig.deployDirectory Deployment of web application directory /Users/C/SourceTree/JavaServlet/apache-tomcat-8.0.38/webapps/manager has finished in 20 ms
29-Oct-2016 23:27:57.691 INFO [localhost-startStop-1] org.apache.catalina.startup.HostConfig.deployDirectory Deploying web application directory /Users/C/SourceTree/JavaServlet/apache-tomcat-8.0.38/webapps/ROOT
29-Oct-2016 23:27:57.704 INFO [localhost-startStop-1] org.apache.catalina.startup.HostConfig.deployDirectory Deployment of web application directory /Users/C/SourceTree/JavaServlet/apache-tomcat-8.0.38/webapps/ROOT has finished in 13 ms
29-Oct-2016 23:27:57.707 INFO [main] org.apache.coyote.AbstractProtocol.start Starting ProtocolHandler ["http-nio-8080"]
29-Oct-2016 23:27:57.712 INFO [main] org.apache.coyote.AbstractProtocol.start Starting ProtocolHandler ["ajp-nio-8009"]
29-Oct-2016 23:27:57.712 INFO [main] org.apache.catalina.startup.Catalina.start Server startup in 804 ms
30-Oct-2016 00:01:46.590 INFO [main] org.apache.catalina.core.StandardServer.await A valid shutdown command was received via the shutdown port. Stopping the Server instance.
30-Oct-2016 00:01:46.591 INFO [main] org.apache.coyote.AbstractProtocol.pause Pausing ProtocolHandler ["http-nio-8080"]
30-Oct-2016 00:01:46.645 INFO [main] org.apache.coyote.AbstractProtocol.pause Pausing ProtocolHandler ["ajp-nio-8009"]
30-Oct-2016 00:01:46.697 INFO [main] org.apache.catalina.core.StandardService.stopInternal Stopping service Catalina
30-Oct-2016 00:01:46.727 INFO [main] org.apache.coyote.AbstractProtocol.stop Stopping ProtocolHandler ["http-nio-8080"]
30-Oct-2016 00:01:46.756 INFO [main] org.apache.coyote.AbstractProtocol.stop Stopping ProtocolHandler ["ajp-nio-8009"]
30-Oct-2016 00:01:46.757 INFO [main] org.apache.coyote.AbstractProtocol.destroy Destroying ProtocolHandler ["http-nio-8080"]
30-Oct-2016 00:01:46.758 INFO [main] org.apache.coyote.AbstractProtocol.destroy Destroying ProtocolHandler ["ajp-nio-8009"]
